[0.032s] Invoking command in '/home/ubuntu/Desktop/MultiRobotSimulator/v5/build/mrsim': /usr/bin/cmake --build /home/ubuntu/Desktop/MultiRobotSimulator/v5/build/mrsim -- -j8 -l8
[0.856s] [35m[1mConsolidate compiler generated dependencies of target simulator[0m
[1.410s] [ 11%] [32mBuilding CXX object CMakeFiles/simulator.dir/src/object.cpp.o[0m
[7.728s] [01m[K/home/ubuntu/Desktop/MultiRobotSimulator/v5/src/mrsim/src/object.cpp:[m[K In member function â€˜[01m[Kvoid BoxObject::drawPrehensile(Prehensile_Point&, const std::vector<cv::Point_<int> >&)[m[Kâ€™:
[7.729s] [01m[K/home/ubuntu/Desktop/MultiRobotSimulator/v5/src/mrsim/src/object.cpp:96:22:[m[K [01;31m[Kerror: [m[Kâ€˜[01m[KsecondaryColorScalar[m[Kâ€™ was not declared in this scope; did you mean â€˜[01m[KsecondaryColor[m[Kâ€™?
[7.729s]    96 |                      [01;31m[KsecondaryColorScalar[m[K, 2);
[7.730s]       |                      [01;31m[K^~~~~~~~~~~~~~~~~~~~[m[K
[7.730s]       |                      [32m[KsecondaryColor[m[K
[7.740s] [01m[K/home/ubuntu/Desktop/MultiRobotSimulator/v5/src/mrsim/src/object.cpp:[m[K In member function â€˜[01m[Kvirtual void BoxObject::draw()[m[Kâ€™:
[7.741s] [01m[K/home/ubuntu/Desktop/MultiRobotSimulator/v5/src/mrsim/src/object.cpp:186:21:[m[K [01;31m[Kerror: [m[Kcould not convert â€˜[01m[K((BoxObject*)this)->BoxObject::<anonymous>.Object::secondaryColor[m[Kâ€™ from â€˜[01m[KColor[m[Kâ€™ to â€˜[01m[Kcv::Scalar[m[Kâ€™ {aka â€˜[01m[Kcv::Scalar_<double>[m[Kâ€™}
[7.741s]   186 |                     [01;31m[KsecondaryColor[m[K, // text color (black)
[7.741s]       |                     [01;31m[K^~~~~~~~~~~~~~[m[K
[7.741s]       |                     [01;31m[K|[m[K
[7.741s]       |                     [01;31m[KColor[m[K
[11.033s] gmake[2]: *** [CMakeFiles/simulator.dir/build.make:160: CMakeFiles/simulator.dir/src/object.cpp.o] Error 1
[11.039s] gmake[1]: *** [CMakeFiles/Makefile2:137: CMakeFiles/simulator.dir/all] Error 2
[11.039s] gmake: *** [Makefile:146: all] Error 2
[11.059s] Invoked command in '/home/ubuntu/Desktop/MultiRobotSimulator/v5/build/mrsim' returned '2': /usr/bin/cmake --build /home/ubuntu/Desktop/MultiRobotSimulator/v5/build/mrsim -- -j8 -l8
