[35m[1mConsolidate compiler generated dependencies of target simulator[0m
[ 10%] [32mBuilding CXX object CMakeFiles/simulator.dir/src/simulator.cpp.o[0m
[01m[K/home/ubuntu/Desktop/MultiRobotSimulator/v5/src/mrsim/src/simulator.cpp:[m[K In function â€˜[01m[Kint main(int, char**)[m[Kâ€™:
[01m[K/home/ubuntu/Desktop/MultiRobotSimulator/v5/src/mrsim/src/simulator.cpp:288:97:[m[K [01;31m[Kerror: [m[Kinvalid operands of types â€˜[01m[Kconst char [63][m[Kâ€™ and â€˜[01m[Kconst char*[m[Kâ€™ to binary â€˜[01m[Koperator+[m[Kâ€™
  288 |     const string jsonFilePath = [32m[K"/home/ubuntu/Desktop/MultiRobotSimulator/v5/src/mrsim/configs/"[m[K[01;31m[K+[m[K [34m[K+".json"[m[K
      |                                 [32m[K~~~~~~~~~~~~~~~~~~~~~~~~~~~~~~~~~~~~~~~~~~~~~~~~~~~~~~~~~~~~~~~~[m[K[01;31m[K^[m[K [34m[K~~~~~~~~[m[K
      |                                 [32m[K|[m[K                                                                 [34m[K|[m[K
      |                                 [32m[Kconst char [63][m[K                                                   [34m[Kconst char*[m[K
[01m[K/home/ubuntu/Desktop/MultiRobotSimulator/v5/src/mrsim/src/simulator.cpp:317:33:[m[K [01;31m[Kerror: [m[Kâ€˜[01m[Kroot[m[Kâ€™ was not declared in this scope
  317 |     if (!reader.parse(jsonFile, [01;31m[Kroot[m[K))
      |                                 [01;31m[K^~~~[m[K
[01m[K/home/ubuntu/Desktop/MultiRobotSimulator/v5/src/mrsim/src/simulator.cpp:324:22:[m[K [01;31m[Kerror: [m[Kâ€˜[01m[Kroot[m[Kâ€™ was not declared in this scope
  324 |     string mapFile = [01;31m[Kroot[m[K["map_file"].asString();
      |                      [01;31m[K^~~~[m[K
gmake[2]: *** [CMakeFiles/simulator.dir/build.make:76: CMakeFiles/simulator.dir/src/simulator.cpp.o] Error 1
gmake[1]: *** [CMakeFiles/Makefile2:137: CMakeFiles/simulator.dir/all] Error 2
gmake: *** [Makefile:146: all] Error 2
