[35m[1mConsolidate compiler generated dependencies of target simulator[0m
[ 11%] [32mBuilding CXX object CMakeFiles/simulator.dir/src/simulator.cpp.o[0m
In file included from [01m[K/home/ubuntu/Desktop/MultiRobotSimulator/v5/src/mrsim/include/mrsim/object.h:4[m[K,
                 from [01m[K/home/ubuntu/Desktop/MultiRobotSimulator/v5/src/mrsim/include/mrsim/arm.h:4[m[K,
                 from [01m[K/home/ubuntu/Desktop/MultiRobotSimulator/v5/src/mrsim/include/mrsim/ros_bridge.h:9[m[K,
                 from [01m[K/home/ubuntu/Desktop/MultiRobotSimulator/v5/src/mrsim/src/simulator.cpp:10[m[K:
[01m[K/home/ubuntu/Desktop/MultiRobotSimulator/v5/src/mrsim/include/mrsim/utils.h:[m[K In function â€˜[01m[Kcv::Scalar generateSecondaryColor(Color)[m[Kâ€™:
[01m[K/home/ubuntu/Desktop/MultiRobotSimulator/v5/src/mrsim/include/mrsim/utils.h:27:12:[m[K [01;31m[Kerror: [m[Kcould not convert â€˜[01m[KColor(b, g, r)[m[Kâ€™ from â€˜[01m[KColor[m[Kâ€™ to â€˜[01m[Kcv::Scalar[m[Kâ€™ {aka â€˜[01m[Kcv::Scalar_<double>[m[Kâ€™}
   27 |     return [01;31m[KColor(b, g, r)[m[K;
      |            [01;31m[K^~~~~~~~~~~~~~[m[K
      |            [01;31m[K|[m[K
      |            [01;31m[KColor[m[K
In file included from [01m[K/home/ubuntu/Desktop/MultiRobotSimulator/v5/src/mrsim/include/mrsim/arm.h:4[m[K,
                 from [01m[K/home/ubuntu/Desktop/MultiRobotSimulator/v5/src/mrsim/include/mrsim/ros_bridge.h:9[m[K,
                 from [01m[K/home/ubuntu/Desktop/MultiRobotSimulator/v5/src/mrsim/src/simulator.cpp:10[m[K:
[01m[K/home/ubuntu/Desktop/MultiRobotSimulator/v5/src/mrsim/include/mrsim/object.h:[m[K At global scope:
[01m[K/home/ubuntu/Desktop/MultiRobotSimulator/v5/src/mrsim/include/mrsim/object.h:18:24:[m[K [01;31m[Kerror: [m[Kexpected identifier before numeric constant
   18 |     Color primaryColor([01;31m[K0[m[K,0,0); // Color for visualization
      |                        [01;31m[K^[m[K
[01m[K/home/ubuntu/Desktop/MultiRobotSimulator/v5/src/mrsim/include/mrsim/object.h:18:24:[m[K [01;31m[Kerror: [m[Kexpected â€˜[01m[K,[m[Kâ€™ or â€˜[01m[K...[m[Kâ€™ before numeric constant
[01m[K/home/ubuntu/Desktop/MultiRobotSimulator/v5/src/mrsim/include/mrsim/object.h:19:26:[m[K [01;31m[Kerror: [m[Kexpected identifier before numeric constant
   19 |     Color secondaryColor([01;31m[K0[m[K,0,0);
      |                          [01;31m[K^[m[K
[01m[K/home/ubuntu/Desktop/MultiRobotSimulator/v5/src/mrsim/include/mrsim/object.h:19:26:[m[K [01;31m[Kerror: [m[Kexpected â€˜[01m[K,[m[Kâ€™ or â€˜[01m[K...[m[Kâ€™ before numeric constant
[01m[K/home/ubuntu/Desktop/MultiRobotSimulator/v5/src/mrsim/include/mrsim/object.h:[m[K In constructor â€˜[01m[KObject::Object(World*, const Pose&, const std::vector<Prehensile_Point>&, const std::vector<Point>&)[m[Kâ€™:
[01m[K/home/ubuntu/Desktop/MultiRobotSimulator/v5/src/mrsim/include/mrsim/object.h:28:13:[m[K [01;31m[Kerror: [m[Kinvalid use of member function â€˜[01m[KColor Object::primaryColor(int)[m[Kâ€™ (did you forget the â€˜[01m[K()[m[Kâ€™ ?)
   28 |             [01;31m[KprimaryColor[m[K = Color::generateRandomColor();
      |             [01;31m[K^~~~~~~~~~~~[m[K
[01m[K/home/ubuntu/Desktop/MultiRobotSimulator/v5/src/mrsim/include/mrsim/object.h:29:53:[m[K [01;31m[Kerror: [m[Kinvalid use of non-static member function â€˜[01m[KColor Object::primaryColor(int)[m[Kâ€™
   29 |             secondaryColor = generateSecondaryColor([01;31m[KprimaryColor[m[K);
      |                                                     [01;31m[K^~~~~~~~~~~~[m[K
[01m[K/home/ubuntu/Desktop/MultiRobotSimulator/v5/src/mrsim/include/mrsim/object.h:18:11:[m[K [01;36m[Knote: [m[Kdeclared here
   18 |     Color [01;36m[KprimaryColor[m[K(0,0,0); // Color for visualization
      |           [01;36m[K^~~~~~~~~~~~[m[K
gmake[2]: *** [CMakeFiles/simulator.dir/build.make:76: CMakeFiles/simulator.dir/src/simulator.cpp.o] Error 1
gmake[1]: *** [CMakeFiles/Makefile2:137: CMakeFiles/simulator.dir/all] Error 2
gmake: *** [Makefile:146: all] Error 2
