[35m[1mConsolidate compiler generated dependencies of target simulator[0m
[ 10%] [32mBuilding CXX object CMakeFiles/simulator.dir/src/simulator.cpp.o[0m
[ 30%] [32mBuilding CXX object CMakeFiles/simulator.dir/src/ros_bridge.cpp.o[0m
[ 30%] [32mBuilding CXX object CMakeFiles/simulator.dir/src/utils.cpp.o[0m
[01m[K/home/ubuntu/Desktop/MultiRobotSimulator/v5/src/mrsim/src/utils.cpp:[m[K In function â€˜[01m[Kbool saveMatchResult(const string&, const PlayerInfo&, double)[m[Kâ€™:
[01m[K/home/ubuntu/Desktop/MultiRobotSimulator/v5/src/mrsim/src/utils.cpp:135:80:[m[K [01;31m[Kerror: [m[Kexpected primary-expression before â€˜[01m[K)[m[Kâ€™ token
  135 |         max_match_id = std::max(max_match_id, matches[i].get("id", 0).asUInt(),[01;31m[K)[m[K;
      |                                                                                [01;31m[K^[m[K
gmake[2]: *** [CMakeFiles/simulator.dir/build.make:90: CMakeFiles/simulator.dir/src/utils.cpp.o] Error 1
gmake[2]: *** Waiting for unfinished jobs....
gmake[1]: *** [CMakeFiles/Makefile2:137: CMakeFiles/simulator.dir/all] Error 2
gmake: *** [Makefile:146: all] Error 2
